c:\users\adam\desktop\pk3_repo\pk3_projekt\projekttetris\debug\vc142.pdb
c:\users\adam\desktop\pk3_repo\pk3_projekt\projekttetris\debug\vc142.idb
c:\users\adam\desktop\pk3_repo\pk3_projekt\projekttetris\debug\tet_z.obj
c:\users\adam\desktop\pk3_repo\pk3_projekt\projekttetris\debug\tet_t.obj
c:\users\adam\desktop\pk3_repo\pk3_projekt\projekttetris\debug\tet_s.obj
c:\users\adam\desktop\pk3_repo\pk3_projekt\projekttetris\debug\tet_rl.obj
c:\users\adam\desktop\pk3_repo\pk3_projekt\projekttetris\debug\tet_l.obj
c:\users\adam\desktop\pk3_repo\pk3_projekt\projekttetris\debug\tet_i.obj
c:\users\adam\desktop\pk3_repo\pk3_projekt\projekttetris\debug\tet_d.obj
c:\users\adam\desktop\pk3_repo\pk3_projekt\projekttetris\debug\projekttetris.ilk
c:\users\adam\desktop\pk3_repo\pk3_projekt\projekttetris\debug\projekttetris.exe
c:\users\adam\desktop\pk3_repo\pk3_projekt\projekttetris\debug\projekttetris.pdb
c:\users\adam\desktop\pk3_repo\pk3_projekt\projekttetris\debug\board.obj
c:\users\adam\desktop\pk3_repo\pk3_projekt\projekttetris\debug\core.obj
c:\users\adam\desktop\pk3_repo\pk3_projekt\projekttetris\debug\main.obj
c:\users\adam\desktop\pk3_repo\pk3_projekt\projekttetris\debug\projekttetris.tlog\cl.command.1.tlog
c:\users\adam\desktop\pk3_repo\pk3_projekt\projekttetris\debug\projekttetris.tlog\cl.read.1.tlog
c:\users\adam\desktop\pk3_repo\pk3_projekt\projekttetris\debug\projekttetris.tlog\cl.write.1.tlog
c:\users\adam\desktop\pk3_repo\pk3_projekt\projekttetris\debug\projekttetris.tlog\link.command.1.tlog
c:\users\adam\desktop\pk3_repo\pk3_projekt\projekttetris\debug\projekttetris.tlog\link.read.1.tlog
c:\users\adam\desktop\pk3_repo\pk3_projekt\projekttetris\debug\projekttetris.tlog\link.write.1.tlog
