d:\adam\studia\sem 2\ppk\repo\projekt\systemobsługihotelu\systemobsługihotelu\debug\vc141.pdb
d:\adam\studia\sem 2\ppk\repo\projekt\systemobsługihotelu\systemobsługihotelu\debug\vc141.idb
d:\adam\studia\sem 2\ppk\repo\projekt\systemobsługihotelu\systemobsługihotelu\debug\soh_main.obj
d:\adam\studia\sem 2\ppk\repo\projekt\systemobsługihotelu\systemobsługihotelu\debug\soh_core.obj
d:\adam\studia\sem 2\ppk\repo\projekt\systemobsługihotelu\systemobsługihotelu\debug\main.obj
d:\adam\studia\sem 2\ppk\repo\projekt\systemobsługihotelu\systemobsługihotelu\debug\hotelrooms.obj
d:\adam\studia\sem 2\ppk\repo\projekt\systemobsługihotelu\systemobsługihotelu\debug\user.obj
d:\adam\studia\sem 2\ppk\repo\projekt\systemobsługihotelu\systemobsługihotelu\debug\core.obj
d:\adam\studia\sem 2\ppk\repo\projekt\systemobsługihotelu\systemobsługihotelu\debug\hotelreadsave.obj
d:\adam\studia\sem 2\ppk\repo\projekt\systemobsługihotelu\systemobsługihotelu\debug\hotelbook.obj
d:\adam\studia\sem 2\ppk\repo\projekt\systemobsługihotelu\systemobsługihotelu\debug\user.new.obj.enc
d:\adam\studia\sem 2\ppk\repo\projekt\systemobsługihotelu\debug\systemobsługihotelu.pdb
d:\adam\studia\sem 2\ppk\repo\projekt\systemobsługihotelu\systemobsługihotelu\debug\systemob.8c0b8d75.tlog\cl.command.1.tlog
d:\adam\studia\sem 2\ppk\repo\projekt\systemobsługihotelu\systemobsługihotelu\debug\systemob.8c0b8d75.tlog\cl.read.1.tlog
d:\adam\studia\sem 2\ppk\repo\projekt\systemobsługihotelu\systemobsługihotelu\debug\systemob.8c0b8d75.tlog\cl.write.1.tlog
d:\adam\studia\sem 2\ppk\repo\projekt\systemobsługihotelu\systemobsługihotelu\debug\systemob.8c0b8d75.tlog\link.7752-cvtres.read.1.tlog
d:\adam\studia\sem 2\ppk\repo\projekt\systemobsługihotelu\systemobsługihotelu\debug\systemob.8c0b8d75.tlog\link.7752-cvtres.write.1.tlog
d:\adam\studia\sem 2\ppk\repo\projekt\systemobsługihotelu\systemobsługihotelu\debug\systemob.8c0b8d75.tlog\link.7752-rc.read.1.tlog
d:\adam\studia\sem 2\ppk\repo\projekt\systemobsługihotelu\systemobsługihotelu\debug\systemob.8c0b8d75.tlog\link.7752-rc.write.1.tlog
d:\adam\studia\sem 2\ppk\repo\projekt\systemobsługihotelu\systemobsługihotelu\debug\systemob.8c0b8d75.tlog\link.7752.read.1.tlog
d:\adam\studia\sem 2\ppk\repo\projekt\systemobsługihotelu\systemobsługihotelu\debug\systemob.8c0b8d75.tlog\link.7752.write.1.tlog
d:\adam\studia\sem 2\ppk\repo\projekt\systemobsługihotelu\systemobsługihotelu\debug\systemob.8c0b8d75.tlog\link.command.1.tlog
d:\adam\studia\sem 2\ppk\repo\projekt\systemobsługihotelu\systemobsługihotelu\debug\systemob.8c0b8d75.tlog\link.read.1.tlog
d:\adam\studia\sem 2\ppk\repo\projekt\systemobsługihotelu\systemobsługihotelu\debug\systemob.8c0b8d75.tlog\link.write.1.tlog
